{"contracts\\ERC20.sol":{"l":{"17":51,"18":51,"22":1,"26":1,"30":1,"34":3,"38":4,"42":3,"43":2,"44":2,"45":2,"46":2,"50":3,"51":2,"52":1,"53":1,"54":1,"55":1,"56":1,"60":3,"61":3,"62":3,"66":1,"70":4,"71":3,"72":2,"73":2,"74":2,"78":3,"79":2,"80":2,"81":2},"path":"C:\\Users\\30046818\\ERC20\\contracts\\ERC20.sol","s":{"1":51,"2":51,"3":1,"4":1,"5":1,"6":3,"7":4,"8":3,"9":2,"10":2,"11":2,"12":2,"13":3,"14":2,"15":1,"16":1,"17":1,"18":1,"19":1,"20":3,"21":3,"22":3,"23":1,"24":4,"25":3,"26":2,"27":2,"28":2,"29":3,"30":2,"31":2,"32":2},"b":{"1":[2,1],"2":[2,1],"3":[1,1],"4":[3,1],"5":[2,1],"6":[2,1]},"f":{"1":51,"2":1,"3":1,"4":1,"5":3,"6":4,"7":3,"8":3,"9":3,"10":1,"11":4,"12":3},"fnMap":{"1":{"name":"constructor","line":16,"loc":{"start":{"line":16,"column":4},"end":{"line":19,"column":4}}},"2":{"name":"name","line":21,"loc":{"start":{"line":21,"column":4},"end":{"line":23,"column":4}}},"3":{"name":"symbol","line":25,"loc":{"start":{"line":25,"column":4},"end":{"line":27,"column":4}}},"4":{"name":"decimals","line":29,"loc":{"start":{"line":29,"column":4},"end":{"line":31,"column":4}}},"5":{"name":"totalSupply","line":33,"loc":{"start":{"line":33,"column":4},"end":{"line":35,"column":4}}},"6":{"name":"balanceOf","line":37,"loc":{"start":{"line":37,"column":4},"end":{"line":39,"column":4}}},"7":{"name":"transfer","line":41,"loc":{"start":{"line":41,"column":4},"end":{"line":47,"column":4}}},"8":{"name":"transferFrom","line":49,"loc":{"start":{"line":49,"column":4},"end":{"line":57,"column":4}}},"9":{"name":"approve","line":59,"loc":{"start":{"line":59,"column":4},"end":{"line":63,"column":4}}},"10":{"name":"allowance","line":65,"loc":{"start":{"line":65,"column":4},"end":{"line":67,"column":4}}},"11":{"name":"burn","line":69,"loc":{"start":{"line":69,"column":4},"end":{"line":75,"column":4}}},"12":{"name":"mint","line":77,"loc":{"start":{"line":77,"column":4},"end":{"line":82,"column":4}}}},"statementMap":{"1":{"start":{"line":17,"column":8},"end":{"line":17,"column":43}},"2":{"start":{"line":18,"column":8},"end":{"line":18,"column":25}},"3":{"start":{"line":22,"column":8},"end":{"line":22,"column":20}},"4":{"start":{"line":26,"column":8},"end":{"line":26,"column":22}},"5":{"start":{"line":30,"column":8},"end":{"line":30,"column":24}},"6":{"start":{"line":34,"column":8},"end":{"line":34,"column":27}},"7":{"start":{"line":38,"column":8},"end":{"line":38,"column":32}},"8":{"start":{"line":42,"column":8},"end":{"line":42,"column":68}},"9":{"start":{"line":43,"column":8},"end":{"line":43,"column":38}},"10":{"start":{"line":44,"column":8},"end":{"line":44,"column":31}},"11":{"start":{"line":45,"column":8},"end":{"line":45,"column":46}},"12":{"start":{"line":46,"column":8},"end":{"line":46,"column":19}},"13":{"start":{"line":50,"column":8},"end":{"line":50,"column":85}},"14":{"start":{"line":51,"column":8},"end":{"line":51,"column":63}},"15":{"start":{"line":52,"column":8},"end":{"line":52,"column":33}},"16":{"start":{"line":53,"column":8},"end":{"line":53,"column":31}},"17":{"start":{"line":54,"column":8},"end":{"line":54,"column":41}},"18":{"start":{"line":55,"column":8},"end":{"line":55,"column":47}},"19":{"start":{"line":56,"column":8},"end":{"line":56,"column":19}},"20":{"start":{"line":60,"column":8},"end":{"line":60,"column":49}},"21":{"start":{"line":61,"column":8},"end":{"line":61,"column":51}},"22":{"start":{"line":62,"column":8},"end":{"line":62,"column":19}},"23":{"start":{"line":66,"column":8},"end":{"line":66,"column":44}},"24":{"start":{"line":70,"column":8},"end":{"line":70,"column":48}},"25":{"start":{"line":71,"column":8},"end":{"line":71,"column":63}},"26":{"start":{"line":72,"column":8},"end":{"line":72,"column":33}},"27":{"start":{"line":73,"column":8},"end":{"line":73,"column":29}},"28":{"start":{"line":74,"column":8},"end":{"line":74,"column":19}},"29":{"start":{"line":78,"column":8},"end":{"line":78,"column":48}},"30":{"start":{"line":79,"column":8},"end":{"line":79,"column":31}},"31":{"start":{"line":80,"column":8},"end":{"line":80,"column":29}},"32":{"start":{"line":81,"column":8},"end":{"line":81,"column":19}}},"branchMap":{"1":{"line":42,"type":"if","locations":[{"start":{"line":42,"column":8},"end":{"line":42,"column":8}},{"start":{"line":42,"column":8},"end":{"line":42,"column":8}}]},"2":{"line":50,"type":"if","locations":[{"start":{"line":50,"column":8},"end":{"line":50,"column":8}},{"start":{"line":50,"column":8},"end":{"line":50,"column":8}}]},"3":{"line":51,"type":"if","locations":[{"start":{"line":51,"column":8},"end":{"line":51,"column":8}},{"start":{"line":51,"column":8},"end":{"line":51,"column":8}}]},"4":{"line":70,"type":"if","locations":[{"start":{"line":70,"column":8},"end":{"line":70,"column":8}},{"start":{"line":70,"column":8},"end":{"line":70,"column":8}}]},"5":{"line":71,"type":"if","locations":[{"start":{"line":71,"column":8},"end":{"line":71,"column":8}},{"start":{"line":71,"column":8},"end":{"line":71,"column":8}}]},"6":{"line":78,"type":"if","locations":[{"start":{"line":78,"column":8},"end":{"line":78,"column":8}},{"start":{"line":78,"column":8},"end":{"line":78,"column":8}}]}}}}